mode: set
github.com/jncss/skv/skv.go:42.38,44.2 1 1
github.com/jncss/skv/skv.go:47.40,49.2 1 1
github.com/jncss/skv/skv.go:52.42,53.9 1 1
github.com/jncss/skv/skv.go:54.24,55.19 1 1
github.com/jncss/skv/skv.go:56.26,57.20 1 1
github.com/jncss/skv/skv.go:58.30,59.20 1 1
github.com/jncss/skv/skv.go:60.10,61.20 1 1
github.com/jncss/skv/skv.go:67.81,70.18 3 1
github.com/jncss/skv/skv.go:71.17,72.24 1 1
github.com/jncss/skv/skv.go:73.18,74.24 1 1
github.com/jncss/skv/skv.go:75.18,76.24 1 1
github.com/jncss/skv/skv.go:77.18,78.24 1 1
github.com/jncss/skv/skv.go:79.10,80.24 1 0
github.com/jncss/skv/skv.go:84.2,84.63 1 1
github.com/jncss/skv/skv.go:89.49,92.6 2 1
github.com/jncss/skv/skv.go:92.6,96.17 3 1
github.com/jncss/skv/skv.go:96.17,97.41 1 1
github.com/jncss/skv/skv.go:97.41,99.5 1 0
github.com/jncss/skv/skv.go:100.4,100.21 1 1
github.com/jncss/skv/skv.go:100.21,102.5 1 1
github.com/jncss/skv/skv.go:103.4,103.28 1 0
github.com/jncss/skv/skv.go:105.3,105.13 1 1
github.com/jncss/skv/skv.go:105.13,106.9 1 0
github.com/jncss/skv/skv.go:110.3,110.28 1 1
github.com/jncss/skv/skv.go:110.28,111.61 1 1
github.com/jncss/skv/skv.go:111.61,113.5 1 0
github.com/jncss/skv/skv.go:114.4,114.9 1 1
github.com/jncss/skv/skv.go:117.3,117.17 1 1
github.com/jncss/skv/skv.go:120.2,120.26 1 1
github.com/jncss/skv/skv.go:126.56,130.35 3 1
github.com/jncss/skv/skv.go:130.35,131.54 1 1
github.com/jncss/skv/skv.go:131.54,134.4 2 1
github.com/jncss/skv/skv.go:137.2,137.16 1 1
github.com/jncss/skv/skv.go:156.38,158.51 1 1
github.com/jncss/skv/skv.go:158.51,160.3 1 1
github.com/jncss/skv/skv.go:163.2,164.16 2 1
github.com/jncss/skv/skv.go:164.16,166.3 1 1
github.com/jncss/skv/skv.go:168.2,177.16 3 1
github.com/jncss/skv/skv.go:177.16,180.3 2 0
github.com/jncss/skv/skv.go:182.2,182.22 1 1
github.com/jncss/skv/skv.go:182.22,184.43 1 1
github.com/jncss/skv/skv.go:184.43,187.4 2 0
github.com/jncss/skv/skv.go:188.8,190.44 1 1
github.com/jncss/skv/skv.go:190.44,193.4 2 1
github.com/jncss/skv/skv.go:197.2,197.43 1 1
github.com/jncss/skv/skv.go:197.43,200.3 2 0
github.com/jncss/skv/skv.go:202.2,202.17 1 1
github.com/jncss/skv/skv.go:206.35,216.56 6 1
github.com/jncss/skv/skv.go:216.56,218.3 1 1
github.com/jncss/skv/skv.go:219.2,219.48 1 1
github.com/jncss/skv/skv.go:219.48,221.3 1 0
github.com/jncss/skv/skv.go:222.2,222.38 1 1
github.com/jncss/skv/skv.go:222.38,224.3 1 0
github.com/jncss/skv/skv.go:225.2,225.12 1 1
github.com/jncss/skv/skv.go:229.36,233.56 2 1
github.com/jncss/skv/skv.go:233.56,235.3 1 0
github.com/jncss/skv/skv.go:237.2,237.55 1 1
github.com/jncss/skv/skv.go:237.55,239.3 1 1
github.com/jncss/skv/skv.go:242.2,242.40 1 1
github.com/jncss/skv/skv.go:242.40,244.3 1 1
github.com/jncss/skv/skv.go:247.2,247.12 1 1
github.com/jncss/skv/skv.go:251.29,255.19 3 1
github.com/jncss/skv/skv.go:255.19,257.3 1 1
github.com/jncss/skv/skv.go:258.2,258.12 1 0
github.com/jncss/skv/skv.go:263.40,267.19 3 1
github.com/jncss/skv/skv.go:267.19,269.3 1 0
github.com/jncss/skv/skv.go:273.2,273.44 1 1
github.com/jncss/skv/skv.go:273.44,277.3 2 1
github.com/jncss/skv/skv.go:279.2,279.23 1 1
github.com/jncss/skv/skv.go:284.77,289.9 3 1
github.com/jncss/skv/skv.go:290.24,291.25 1 1
github.com/jncss/skv/skv.go:292.26,293.26 1 1
github.com/jncss/skv/skv.go:294.30,295.26 1 1
github.com/jncss/skv/skv.go:296.10,297.26 1 0
github.com/jncss/skv/skv.go:301.2,302.16 2 1
github.com/jncss/skv/skv.go:302.16,304.3 1 0
github.com/jncss/skv/skv.go:307.2,307.60 1 1
github.com/jncss/skv/skv.go:307.60,309.3 1 0
github.com/jncss/skv/skv.go:312.2,313.57 2 1
github.com/jncss/skv/skv.go:313.57,315.3 1 0
github.com/jncss/skv/skv.go:318.2,318.45 1 1
github.com/jncss/skv/skv.go:318.45,320.3 1 0
github.com/jncss/skv/skv.go:323.2,323.20 1 1
github.com/jncss/skv/skv.go:324.17,325.65 1 1
github.com/jncss/skv/skv.go:325.65,327.4 1 0
github.com/jncss/skv/skv.go:328.18,331.46 3 1
github.com/jncss/skv/skv.go:331.46,333.4 1 0
github.com/jncss/skv/skv.go:334.18,337.46 3 1
github.com/jncss/skv/skv.go:337.46,339.4 1 0
github.com/jncss/skv/skv.go:340.18,343.46 3 0
github.com/jncss/skv/skv.go:343.46,345.4 1 0
github.com/jncss/skv/skv.go:349.2,349.19 1 1
github.com/jncss/skv/skv.go:349.19,350.47 1 1
github.com/jncss/skv/skv.go:350.47,352.4 1 0
github.com/jncss/skv/skv.go:356.2,356.38 1 1
github.com/jncss/skv/skv.go:356.38,358.3 1 0
github.com/jncss/skv/skv.go:360.2,360.23 1 1
github.com/jncss/skv/skv.go:366.67,374.18 4 1
github.com/jncss/skv/skv.go:374.18,380.65 3 1
github.com/jncss/skv/skv.go:380.65,382.4 1 0
github.com/jncss/skv/skv.go:385.3,385.63 1 1
github.com/jncss/skv/skv.go:385.63,387.4 1 0
github.com/jncss/skv/skv.go:390.3,391.19 2 1
github.com/jncss/skv/skv.go:391.19,393.27 2 1
github.com/jncss/skv/skv.go:393.27,395.5 1 1
github.com/jncss/skv/skv.go:396.4,396.51 1 1
github.com/jncss/skv/skv.go:396.51,398.5 1 0
github.com/jncss/skv/skv.go:399.4,399.40 1 1
github.com/jncss/skv/skv.go:399.40,401.5 1 0
github.com/jncss/skv/skv.go:405.3,407.24 2 1
github.com/jncss/skv/skv.go:411.2,411.54 1 1
github.com/jncss/skv/skv.go:411.54,413.3 1 0
github.com/jncss/skv/skv.go:416.2,417.16 2 1
github.com/jncss/skv/skv.go:417.16,419.3 1 0
github.com/jncss/skv/skv.go:423.2,423.21 1 1
github.com/jncss/skv/skv.go:423.21,424.41 1 0
github.com/jncss/skv/skv.go:424.41,426.4 1 0
github.com/jncss/skv/skv.go:429.2,429.43 1 1
github.com/jncss/skv/skv.go:435.114,438.56 2 1
github.com/jncss/skv/skv.go:438.56,439.20 1 1
github.com/jncss/skv/skv.go:439.20,441.4 1 0
github.com/jncss/skv/skv.go:442.3,442.67 1 1
github.com/jncss/skv/skv.go:444.2,448.59 3 1
github.com/jncss/skv/skv.go:448.59,450.3 1 0
github.com/jncss/skv/skv.go:451.2,455.52 3 1
github.com/jncss/skv/skv.go:455.52,457.3 1 0
github.com/jncss/skv/skv.go:460.2,462.18 3 1
github.com/jncss/skv/skv.go:463.17,465.53 2 1
github.com/jncss/skv/skv.go:465.53,467.4 1 0
github.com/jncss/skv/skv.go:468.3,468.28 1 1
github.com/jncss/skv/skv.go:469.18,471.53 2 1
github.com/jncss/skv/skv.go:471.53,473.4 1 0
github.com/jncss/skv/skv.go:474.3,474.53 1 1
github.com/jncss/skv/skv.go:475.18,477.53 2 1
github.com/jncss/skv/skv.go:477.53,479.4 1 0
github.com/jncss/skv/skv.go:480.3,480.53 1 1
github.com/jncss/skv/skv.go:481.18,483.53 2 0
github.com/jncss/skv/skv.go:483.53,485.4 1 0
github.com/jncss/skv/skv.go:486.3,486.45 1 0
github.com/jncss/skv/skv.go:487.10,488.79 1 0
github.com/jncss/skv/skv.go:492.2,495.14 2 1
github.com/jncss/skv/skv.go:495.14,497.19 2 1
github.com/jncss/skv/skv.go:497.19,498.55 1 1
github.com/jncss/skv/skv.go:498.55,500.5 1 0
github.com/jncss/skv/skv.go:502.8,504.19 1 1
github.com/jncss/skv/skv.go:504.19,505.74 1 1
github.com/jncss/skv/skv.go:505.74,507.5 1 0
github.com/jncss/skv/skv.go:511.2,511.47 1 1
github.com/jncss/skv/skv.go:516.50,520.19 3 1
github.com/jncss/skv/skv.go:520.19,522.3 1 1
github.com/jncss/skv/skv.go:523.2,523.20 1 1
github.com/jncss/skv/skv.go:523.20,525.3 1 1
github.com/jncss/skv/skv.go:528.2,528.47 1 1
github.com/jncss/skv/skv.go:528.47,530.3 1 1
github.com/jncss/skv/skv.go:533.2,534.16 2 1
github.com/jncss/skv/skv.go:534.16,536.3 1 0
github.com/jncss/skv/skv.go:539.2,541.12 2 1
github.com/jncss/skv/skv.go:546.58,547.19 1 1
github.com/jncss/skv/skv.go:547.19,549.3 1 0
github.com/jncss/skv/skv.go:550.2,550.20 1 1
github.com/jncss/skv/skv.go:550.20,552.3 1 0
github.com/jncss/skv/skv.go:554.2,557.42 2 1
github.com/jncss/skv/skv.go:557.42,558.47 1 1
github.com/jncss/skv/skv.go:558.47,560.4 1 1
github.com/jncss/skv/skv.go:564.2,565.16 2 1
github.com/jncss/skv/skv.go:565.16,567.3 1 0
github.com/jncss/skv/skv.go:570.2,572.12 2 1
github.com/jncss/skv/skv.go:577.53,581.19 3 1
github.com/jncss/skv/skv.go:581.19,583.3 1 1
github.com/jncss/skv/skv.go:586.2,586.48 1 1
github.com/jncss/skv/skv.go:586.48,588.3 1 1
github.com/jncss/skv/skv.go:591.2,591.46 1 1
github.com/jncss/skv/skv.go:591.46,593.3 1 0
github.com/jncss/skv/skv.go:596.2,597.16 2 1
github.com/jncss/skv/skv.go:597.16,599.3 1 0
github.com/jncss/skv/skv.go:602.2,604.12 2 1
github.com/jncss/skv/skv.go:608.36,614.56 3 1
github.com/jncss/skv/skv.go:614.56,616.3 1 0
github.com/jncss/skv/skv.go:619.2,619.65 1 1
github.com/jncss/skv/skv.go:619.65,621.3 1 0
github.com/jncss/skv/skv.go:624.2,624.6 1 1
github.com/jncss/skv/skv.go:624.6,627.17 2 1
github.com/jncss/skv/skv.go:627.17,629.4 1 0
github.com/jncss/skv/skv.go:632.3,633.17 2 1
github.com/jncss/skv/skv.go:633.17,634.21 1 1
github.com/jncss/skv/skv.go:634.21,635.10 1 1
github.com/jncss/skv/skv.go:637.4,637.14 1 0
github.com/jncss/skv/skv.go:641.3,641.22 1 1
github.com/jncss/skv/skv.go:641.22,643.18 2 0
github.com/jncss/skv/skv.go:643.18,645.5 1 0
github.com/jncss/skv/skv.go:649.3,650.17 2 1
github.com/jncss/skv/skv.go:650.17,651.21 1 0
github.com/jncss/skv/skv.go:651.21,652.10 1 0
github.com/jncss/skv/skv.go:654.4,654.63 1 0
github.com/jncss/skv/skv.go:658.3,659.28 2 1
github.com/jncss/skv/skv.go:659.28,665.35 3 1
github.com/jncss/skv/skv.go:665.35,667.5 1 0
github.com/jncss/skv/skv.go:670.4,674.6 2 1
github.com/jncss/skv/skv.go:675.9,678.4 1 1
github.com/jncss/skv/skv.go:681.2,681.12 1 1
github.com/jncss/skv/skv.go:690.47,694.19 3 1
github.com/jncss/skv/skv.go:694.19,696.3 1 1
github.com/jncss/skv/skv.go:699.2,700.12 2 1
github.com/jncss/skv/skv.go:700.12,702.3 1 1
github.com/jncss/skv/skv.go:705.2,705.63 1 1
github.com/jncss/skv/skv.go:705.63,707.3 1 1
github.com/jncss/skv/skv.go:710.2,711.16 2 1
github.com/jncss/skv/skv.go:711.16,713.3 1 0
github.com/jncss/skv/skv.go:715.2,715.18 1 1
github.com/jncss/skv/skv.go:719.40,724.2 3 1
github.com/jncss/skv/skv.go:728.48,729.19 1 1
github.com/jncss/skv/skv.go:729.19,731.3 1 1
github.com/jncss/skv/skv.go:734.2,736.12 3 1
github.com/jncss/skv/skv.go:736.12,738.3 1 1
github.com/jncss/skv/skv.go:741.2,741.63 1 1
github.com/jncss/skv/skv.go:741.63,743.3 1 1
github.com/jncss/skv/skv.go:746.2,747.16 2 1
github.com/jncss/skv/skv.go:747.16,749.3 1 0
github.com/jncss/skv/skv.go:752.2,755.63 2 1
github.com/jncss/skv/skv.go:755.63,757.3 1 0
github.com/jncss/skv/skv.go:760.2,760.61 1 1
github.com/jncss/skv/skv.go:760.61,762.3 1 0
github.com/jncss/skv/skv.go:765.2,765.38 1 1
github.com/jncss/skv/skv.go:765.38,767.3 1 0
github.com/jncss/skv/skv.go:770.2,774.69 3 1
github.com/jncss/skv/skv.go:774.69,776.3 1 0
github.com/jncss/skv/skv.go:778.2,779.33 2 1
github.com/jncss/skv/skv.go:779.33,781.3 1 0
github.com/jncss/skv/skv.go:784.2,790.12 3 1
github.com/jncss/skv/skv.go:810.40,820.16 5 1
github.com/jncss/skv/skv.go:820.16,822.3 1 1
github.com/jncss/skv/skv.go:823.2,826.65 2 1
github.com/jncss/skv/skv.go:826.65,828.3 1 0
github.com/jncss/skv/skv.go:830.2,835.6 4 1
github.com/jncss/skv/skv.go:835.6,838.17 2 1
github.com/jncss/skv/skv.go:838.17,839.21 1 1
github.com/jncss/skv/skv.go:839.21,840.10 1 1
github.com/jncss/skv/skv.go:842.4,842.61 1 0
github.com/jncss/skv/skv.go:844.3,848.40 3 1
github.com/jncss/skv/skv.go:848.40,849.9 1 0
github.com/jncss/skv/skv.go:853.3,854.17 2 1
github.com/jncss/skv/skv.go:854.17,855.21 1 0
github.com/jncss/skv/skv.go:855.21,856.10 1 0
github.com/jncss/skv/skv.go:858.4,858.59 1 0
github.com/jncss/skv/skv.go:862.3,866.28 4 1
github.com/jncss/skv/skv.go:866.28,869.4 2 1
github.com/jncss/skv/skv.go:869.9,872.4 2 1
github.com/jncss/skv/skv.go:876.2,880.21 3 1
github.com/jncss/skv/skv.go:880.21,884.3 3 1
github.com/jncss/skv/skv.go:887.2,887.28 1 1
github.com/jncss/skv/skv.go:887.28,890.3 2 1
github.com/jncss/skv/skv.go:892.2,892.19 1 1
github.com/jncss/skv/skv.go:897.31,902.2 3 1
github.com/jncss/skv/skv.go:906.39,915.35 3 1
github.com/jncss/skv/skv.go:915.35,917.64 1 1
github.com/jncss/skv/skv.go:917.64,919.4 1 1
github.com/jncss/skv/skv.go:922.3,923.17 2 1
github.com/jncss/skv/skv.go:923.17,925.4 1 0
github.com/jncss/skv/skv.go:927.3,927.65 1 1
github.com/jncss/skv/skv.go:931.2,931.56 1 1
github.com/jncss/skv/skv.go:931.56,933.3 1 0
github.com/jncss/skv/skv.go:936.2,936.40 1 1
github.com/jncss/skv/skv.go:936.40,938.3 1 0
github.com/jncss/skv/skv.go:941.2,942.32 2 1
github.com/jncss/skv/skv.go:942.32,944.17 2 1
github.com/jncss/skv/skv.go:944.17,946.4 1 0
github.com/jncss/skv/skv.go:947.3,947.33 1 1
github.com/jncss/skv/skv.go:951.2,952.16 2 1
github.com/jncss/skv/skv.go:952.16,954.3 1 0
github.com/jncss/skv/skv.go:957.2,957.48 1 1
github.com/jncss/skv/skv.go:957.48,959.3 1 0
github.com/jncss/skv/skv.go:962.2,962.38 1 1
github.com/jncss/skv/skv.go:962.38,964.3 1 0
github.com/jncss/skv/skv.go:967.2,972.12 3 1
github.com/jncss/skv/skv.go:976.40,979.30 2 1
github.com/jncss/skv/skv.go:979.30,981.3 1 1
github.com/jncss/skv/skv.go:983.2,983.18 1 1
github.com/jncss/skv/skv.go:989.57,991.2 1 1
github.com/jncss/skv/skv.go:994.60,996.2 1 1
github.com/jncss/skv/skv.go:999.53,1001.16 2 1
github.com/jncss/skv/skv.go:1001.16,1003.3 1 1
github.com/jncss/skv/skv.go:1004.2,1004.27 1 1
github.com/jncss/skv/skv.go:1008.46,1010.2 1 1
github.com/jncss/skv/skv.go:1013.46,1015.30 2 1
github.com/jncss/skv/skv.go:1015.30,1017.3 1 1
github.com/jncss/skv/skv.go:1018.2,1018.18 1 1
github.com/jncss/skv/skv.go:1022.39,1028.2 4 1
github.com/jncss/skv/skv.go:1031.36,1033.2 1 1
github.com/jncss/skv/skv.go:1036.45,1038.2 1 1
github.com/jncss/skv/skv.go:1041.42,1043.2 1 1
github.com/jncss/skv/skv.go:1046.27,1051.2 3 1
github.com/jncss/skv/skv.go:1054.29,1059.43 3 1
github.com/jncss/skv/skv.go:1059.43,1061.3 1 1
github.com/jncss/skv/skv.go:1064.2,1064.56 1 1
github.com/jncss/skv/skv.go:1064.56,1066.3 1 0
github.com/jncss/skv/skv.go:1069.2,1069.40 1 1
github.com/jncss/skv/skv.go:1069.40,1071.3 1 0
github.com/jncss/skv/skv.go:1074.2,1077.12 3 1
github.com/jncss/skv/skv.go:1081.68,1083.16 2 1
github.com/jncss/skv/skv.go:1083.16,1085.3 1 1
github.com/jncss/skv/skv.go:1086.2,1086.14 1 1
github.com/jncss/skv/skv.go:1090.74,1092.16 2 1
github.com/jncss/skv/skv.go:1092.16,1094.3 1 1
github.com/jncss/skv/skv.go:1095.2,1095.14 1 1
github.com/jncss/skv/skv.go:1101.70,1106.35 3 1
github.com/jncss/skv/skv.go:1106.35,1108.64 1 1
github.com/jncss/skv/skv.go:1108.64,1110.4 1 0
github.com/jncss/skv/skv.go:1113.3,1114.17 2 1
github.com/jncss/skv/skv.go:1114.17,1116.4 1 0
github.com/jncss/skv/skv.go:1119.3,1119.39 1 1
github.com/jncss/skv/skv.go:1119.39,1121.4 1 1
github.com/jncss/skv/skv.go:1124.2,1124.12 1 1
github.com/jncss/skv/skv.go:1128.76,1129.56 1 1
github.com/jncss/skv/skv.go:1129.56,1131.3 1 1
github.com/jncss/skv/skv.go:1136.55,1141.25 3 1
github.com/jncss/skv/skv.go:1141.25,1142.40 1 1
github.com/jncss/skv/skv.go:1142.40,1144.4 1 1
github.com/jncss/skv/skv.go:1148.2,1148.31 1 1
github.com/jncss/skv/skv.go:1148.31,1151.25 2 1
github.com/jncss/skv/skv.go:1151.25,1153.4 1 1
github.com/jncss/skv/skv.go:1154.3,1154.26 1 1
github.com/jncss/skv/skv.go:1154.26,1156.4 1 1
github.com/jncss/skv/skv.go:1158.3,1159.17 2 1
github.com/jncss/skv/skv.go:1159.17,1161.4 1 0
github.com/jncss/skv/skv.go:1163.3,1163.27 1 1
github.com/jncss/skv/skv.go:1166.2,1166.12 1 1
github.com/jncss/skv/skv.go:1170.61,1172.32 2 1
github.com/jncss/skv/skv.go:1172.32,1174.3 1 1
github.com/jncss/skv/skv.go:1175.2,1175.30 1 1
github.com/jncss/skv/skv.go:1181.66,1187.27 4 1
github.com/jncss/skv/skv.go:1187.27,1190.13 3 1
github.com/jncss/skv/skv.go:1190.13,1191.12 1 1
github.com/jncss/skv/skv.go:1195.3,1195.64 1 1
github.com/jncss/skv/skv.go:1195.64,1197.4 1 0
github.com/jncss/skv/skv.go:1200.3,1201.17 2 1
github.com/jncss/skv/skv.go:1201.17,1203.4 1 0
github.com/jncss/skv/skv.go:1205.3,1205.24 1 1
github.com/jncss/skv/skv.go:1208.2,1208.20 1 1
github.com/jncss/skv/skv.go:1223.45,1230.37 4 1
github.com/jncss/skv/skv.go:1230.37,1232.64 1 1
github.com/jncss/skv/skv.go:1232.64,1234.4 1 0
github.com/jncss/skv/skv.go:1237.3,1238.17 2 1
github.com/jncss/skv/skv.go:1238.17,1240.4 1 0
github.com/jncss/skv/skv.go:1242.3,1247.43 2 1
github.com/jncss/skv/skv.go:1247.43,1251.4 2 1
github.com/jncss/skv/skv.go:1251.9,1255.4 2 1
github.com/jncss/skv/skv.go:1257.3,1257.36 1 1
github.com/jncss/skv/skv.go:1261.2,1262.16 2 1
github.com/jncss/skv/skv.go:1262.16,1264.3 1 1
github.com/jncss/skv/skv.go:1265.2,1270.48 4 1
github.com/jncss/skv/skv.go:1270.48,1272.3 1 0
github.com/jncss/skv/skv.go:1274.2,1274.12 1 1
github.com/jncss/skv/skv.go:1280.46,1286.16 4 1
github.com/jncss/skv/skv.go:1286.16,1288.3 1 1
github.com/jncss/skv/skv.go:1289.2,1294.49 4 1
github.com/jncss/skv/skv.go:1294.49,1296.3 1 1
github.com/jncss/skv/skv.go:1299.2,1299.33 1 1
github.com/jncss/skv/skv.go:1299.33,1302.22 2 1
github.com/jncss/skv/skv.go:1302.22,1305.18 2 1
github.com/jncss/skv/skv.go:1305.18,1307.5 1 0
github.com/jncss/skv/skv.go:1308.9,1311.4 1 1
github.com/jncss/skv/skv.go:1314.3,1315.50 2 1
github.com/jncss/skv/skv.go:1315.50,1317.4 1 1
github.com/jncss/skv/skv.go:1320.2,1320.12 1 1
github.com/jncss/skv/skv.go:1326.72,1328.27 2 1
github.com/jncss/skv/skv.go:1328.27,1330.3 1 1
github.com/jncss/skv/skv.go:1332.2,1333.16 2 1
github.com/jncss/skv/skv.go:1333.16,1335.3 1 0
github.com/jncss/skv/skv.go:1337.2,1338.37 2 1
github.com/jncss/skv/skv.go:1338.37,1340.3 1 1
github.com/jncss/skv/skv.go:1342.2,1342.20 1 1
github.com/jncss/skv/skv.go:1348.58,1350.16 2 1
github.com/jncss/skv/skv.go:1350.16,1352.3 1 1
github.com/jncss/skv/skv.go:1353.2,1353.33 1 1
github.com/jncss/skv/skv.go:1359.58,1361.16 2 1
github.com/jncss/skv/skv.go:1361.16,1363.3 1 1
github.com/jncss/skv/skv.go:1365.2,1366.16 2 1
github.com/jncss/skv/skv.go:1366.16,1368.3 1 1
github.com/jncss/skv/skv.go:1370.2,1370.12 1 1
github.com/jncss/skv/skv.go:1375.61,1377.16 2 1
github.com/jncss/skv/skv.go:1377.16,1379.3 1 1
github.com/jncss/skv/skv.go:1380.2,1380.36 1 1
github.com/jncss/skv/skv.go:1387.73,1391.19 3 1
github.com/jncss/skv/skv.go:1391.19,1393.3 1 1
github.com/jncss/skv/skv.go:1394.2,1394.20 1 1
github.com/jncss/skv/skv.go:1394.20,1396.3 1 0
github.com/jncss/skv/skv.go:1397.2,1397.14 1 1
github.com/jncss/skv/skv.go:1397.14,1399.3 1 1
github.com/jncss/skv/skv.go:1402.2,1402.47 1 1
github.com/jncss/skv/skv.go:1402.47,1404.3 1 1
github.com/jncss/skv/skv.go:1407.2,1408.16 2 1
github.com/jncss/skv/skv.go:1408.16,1410.3 1 1
github.com/jncss/skv/skv.go:1413.2,1415.12 2 1
github.com/jncss/skv/skv.go:1419.79,1421.2 1 1
github.com/jncss/skv/skv.go:1427.76,1431.19 3 1
github.com/jncss/skv/skv.go:1431.19,1433.3 1 0
github.com/jncss/skv/skv.go:1434.2,1434.14 1 1
github.com/jncss/skv/skv.go:1434.14,1436.3 1 1
github.com/jncss/skv/skv.go:1439.2,1439.48 1 1
github.com/jncss/skv/skv.go:1439.48,1441.3 1 1
github.com/jncss/skv/skv.go:1444.2,1444.46 1 1
github.com/jncss/skv/skv.go:1444.46,1446.3 1 0
github.com/jncss/skv/skv.go:1449.2,1450.16 2 1
github.com/jncss/skv/skv.go:1450.16,1452.3 1 0
github.com/jncss/skv/skv.go:1455.2,1457.12 2 1
github.com/jncss/skv/skv.go:1461.82,1463.2 1 1
github.com/jncss/skv/skv.go:1468.95,1477.18 5 1
github.com/jncss/skv/skv.go:1477.18,1483.65 3 1
github.com/jncss/skv/skv.go:1483.65,1485.4 1 0
github.com/jncss/skv/skv.go:1488.3,1488.16 1 1
github.com/jncss/skv/skv.go:1488.16,1490.4 1 1
github.com/jncss/skv/skv.go:1493.3,1494.16 2 1
github.com/jncss/skv/skv.go:1494.16,1495.20 1 1
github.com/jncss/skv/skv.go:1495.20,1497.28 2 1
github.com/jncss/skv/skv.go:1497.28,1499.6 1 1
github.com/jncss/skv/skv.go:1500.5,1501.18 2 1
github.com/jncss/skv/skv.go:1504.8,1506.55 1 1
github.com/jncss/skv/skv.go:1506.55,1508.4 1 0
github.com/jncss/skv/skv.go:1511.3,1512.17 2 1
github.com/jncss/skv/skv.go:1512.17,1514.4 1 0
github.com/jncss/skv/skv.go:1516.3,1516.22 1 1
github.com/jncss/skv/skv.go:1516.22,1517.42 1 0
github.com/jncss/skv/skv.go:1517.42,1519.5 1 0
github.com/jncss/skv/skv.go:1522.3,1523.17 2 1
github.com/jncss/skv/skv.go:1523.17,1525.4 1 0
github.com/jncss/skv/skv.go:1529.2,1529.60 1 1
github.com/jncss/skv/skv.go:1529.60,1531.3 1 0
github.com/jncss/skv/skv.go:1534.2,1535.57 2 1
github.com/jncss/skv/skv.go:1535.57,1537.3 1 0
github.com/jncss/skv/skv.go:1540.2,1540.45 1 1
github.com/jncss/skv/skv.go:1540.45,1542.3 1 0
github.com/jncss/skv/skv.go:1545.2,1545.20 1 1
github.com/jncss/skv/skv.go:1546.17,1547.65 1 1
github.com/jncss/skv/skv.go:1547.65,1549.4 1 0
github.com/jncss/skv/skv.go:1550.18,1553.46 3 1
github.com/jncss/skv/skv.go:1553.46,1555.4 1 0
github.com/jncss/skv/skv.go:1556.18,1559.46 3 1
github.com/jncss/skv/skv.go:1559.46,1561.4 1 0
github.com/jncss/skv/skv.go:1562.18,1565.46 3 0
github.com/jncss/skv/skv.go:1565.46,1567.4 1 0
github.com/jncss/skv/skv.go:1571.2,1575.20 4 1
github.com/jncss/skv/skv.go:1575.20,1577.29 2 1
github.com/jncss/skv/skv.go:1577.29,1579.4 1 1
github.com/jncss/skv/skv.go:1581.3,1583.17 3 1
github.com/jncss/skv/skv.go:1583.17,1584.51 1 0
github.com/jncss/skv/skv.go:1584.51,1586.5 1 0
github.com/jncss/skv/skv.go:1587.4,1587.61 1 0
github.com/jncss/skv/skv.go:1590.3,1591.17 2 1
github.com/jncss/skv/skv.go:1591.17,1593.4 1 0
github.com/jncss/skv/skv.go:1594.3,1594.19 1 1
github.com/jncss/skv/skv.go:1594.19,1596.4 1 0
github.com/jncss/skv/skv.go:1598.3,1599.25 2 1
github.com/jncss/skv/skv.go:1603.2,1605.25 3 1
github.com/jncss/skv/skv.go:1605.25,1607.3 1 1
github.com/jncss/skv/skv.go:1610.2,1610.38 1 1
github.com/jncss/skv/skv.go:1610.38,1612.3 1 0
github.com/jncss/skv/skv.go:1614.2,1614.23 1 1
github.com/jncss/skv/skv.go:1620.70,1624.19 3 1
github.com/jncss/skv/skv.go:1624.19,1626.3 1 1
github.com/jncss/skv/skv.go:1629.2,1630.12 2 1
github.com/jncss/skv/skv.go:1630.12,1632.3 1 1
github.com/jncss/skv/skv.go:1635.2,1635.63 1 1
github.com/jncss/skv/skv.go:1635.63,1637.3 1 0
github.com/jncss/skv/skv.go:1640.2,1641.56 2 1
github.com/jncss/skv/skv.go:1641.56,1643.3 1 0
github.com/jncss/skv/skv.go:1644.2,1648.59 3 1
github.com/jncss/skv/skv.go:1648.59,1650.3 1 0
github.com/jncss/skv/skv.go:1651.2,1654.71 2 1
github.com/jncss/skv/skv.go:1654.71,1656.3 1 0
github.com/jncss/skv/skv.go:1659.2,1661.18 3 1
github.com/jncss/skv/skv.go:1662.17,1664.53 2 1
github.com/jncss/skv/skv.go:1664.53,1666.4 1 0
github.com/jncss/skv/skv.go:1667.3,1667.28 1 1
github.com/jncss/skv/skv.go:1668.18,1670.53 2 1
github.com/jncss/skv/skv.go:1670.53,1672.4 1 0
github.com/jncss/skv/skv.go:1673.3,1673.53 1 1
github.com/jncss/skv/skv.go:1674.18,1676.53 2 1
github.com/jncss/skv/skv.go:1676.53,1678.4 1 0
github.com/jncss/skv/skv.go:1679.3,1679.53 1 1
github.com/jncss/skv/skv.go:1680.18,1682.53 2 0
github.com/jncss/skv/skv.go:1682.53,1684.4 1 0
github.com/jncss/skv/skv.go:1685.3,1685.45 1 0
github.com/jncss/skv/skv.go:1686.10,1687.66 1 0
github.com/jncss/skv/skv.go:1691.2,1695.20 4 1
github.com/jncss/skv/skv.go:1695.20,1697.29 2 1
github.com/jncss/skv/skv.go:1697.29,1699.4 1 1
github.com/jncss/skv/skv.go:1701.3,1703.17 3 1
github.com/jncss/skv/skv.go:1703.17,1705.4 1 0
github.com/jncss/skv/skv.go:1707.3,1708.17 2 1
github.com/jncss/skv/skv.go:1708.17,1710.4 1 0
github.com/jncss/skv/skv.go:1712.3,1713.25 2 1
github.com/jncss/skv/skv.go:1716.2,1716.26 1 1
github.com/jncss/skv/skv.go:1720.76,1722.2 1 1
